<?xml version="1.0" encoding="UTF-8"?>
<Site BuildName="Win32-mingw32-make"
	BuildStamp="20240421-1257-Experimental"
	Name="SlowBurn"
	Generator="ctest-3.29.0-rc4"
	CompilerName="C:/MinGW/bin/g++.exe"
	CompilerVersion="13.2.0"
	OSName="Windows"
	Hostname="SlowBurn"
	OSRelease=" Professional"
	OSVersion=" (Build 22631)"
	OSPlatform="AMD64"
	Is64Bits="1"
	VendorString="GenuineIntel"
	VendorID="Intel Corporation"
	FamilyID="6"
	ModelID="13"
	ProcessorCacheSize="-1"
	NumberOfLogicalCPU="12"
	NumberOfPhysicalCPU="6"
	TotalVirtualMemory="20986"
	TotalPhysicalMemory="16122"
	LogicalProcessorsPerPhysical="2"
	ProcessorClockFrequency="2687"
	>
	<Testing>
		<StartDateTime>Apr 21 16:01 Russia TZ 2 Standard Time</StartDateTime>
		<StartTestTime>1713704479</StartTestTime>
		<TestList/>
		<EndDateTime>Apr 21 16:01 Russia TZ 2 Standard Time</EndDateTime>
		<EndTestTime>1713704479</EndTestTime>
		<ElapsedMinutes>0</ElapsedMinutes>
	</Testing>
</Site>
