<?xml version="1.0" encoding="UTF-8"?>
<Site BuildName="Win32-mingw32-make"
	BuildStamp="20240612-1613-Experimental"
	Name="SlowBurn"
	Generator="ctest-3.29.0-rc4"
	CompilerName="C:/MinGW/bin/g++.exe"
	CompilerVersion="13.2.0"
	OSName="Windows"
	Hostname="SlowBurn"
	OSRelease=" Professional"
	OSVersion=" (Build 22631)"
	OSPlatform="AMD64"
	Is64Bits="1"
	VendorString="GenuineIntel"
	VendorID="Intel Corporation"
	FamilyID="6"
	ModelID="13"
	ProcessorCacheSize="-1"
	NumberOfLogicalCPU="12"
	NumberOfPhysicalCPU="6"
	TotalVirtualMemory="25236"
	TotalPhysicalMemory="16122"
	LogicalProcessorsPerPhysical="2"
	ProcessorClockFrequency="2688"
	>
	<Testing>
		<StartDateTime>Jun 13 00:37 Russia TZ 2 Standard Time</StartDateTime>
		<StartTestTime>1718228244</StartTestTime>
		<TestList/>
		<EndDateTime>Jun 13 00:37 Russia TZ 2 Standard Time</EndDateTime>
		<EndTestTime>1718228244</EndTestTime>
		<ElapsedMinutes>0</ElapsedMinutes>
	</Testing>
</Site>
